

Started GET "/" for 127.0.0.1 at 2015-08-07 20:00:36 +0530
Processing by Rails::WelcomeController#index as HTML
  Rendered C:/rows/Ruby200/lib/ruby/gems/2.0.0/gems/railties-4.0.3/lib/rails/templates/rails/welcome/index.html.erb (4.0ms)
Completed 200 OK in 46ms (Views: 28.0ms | ActiveRecord: 0.0ms)


Started GET "/" for 127.0.0.1 at 2015-08-07 20:06:26 +0530
Processing by Rails::WelcomeController#index as HTML
  Rendered C:/rows/Ruby200/lib/ruby/gems/2.0.0/gems/railties-4.0.3/lib/rails/templates/rails/welcome/index.html.erb (0.0ms)
Completed 200 OK in 37ms (Views: 36.0ms | ActiveRecord: 0.0ms)


Started GET "/" for 127.0.0.1 at 2015-08-07 20:06:31 +0530
Processing by Rails::WelcomeController#index as HTML
  Rendered C:/rows/Ruby200/lib/ruby/gems/2.0.0/gems/railties-4.0.3/lib/rails/templates/rails/welcome/index.html.erb (0.0ms)
Completed 200 OK in 15ms (Views: 15.0ms | ActiveRecord: 0.0ms)


Started GET "/" for 127.0.0.1 at 2015-08-07 20:08:43 +0530
Processing by Rails::WelcomeController#index as HTML
  Rendered C:/rows/Ruby200/lib/ruby/gems/2.0.0/gems/railties-4.0.3/lib/rails/templates/rails/welcome/index.html.erb (0.0ms)
Completed 200 OK in 10ms (Views: 10.0ms | ActiveRecord: 0.0ms)


Started GET "/" for 127.0.0.1 at 2015-08-07 20:08:44 +0530
Processing by Rails::WelcomeController#index as HTML
  Rendered C:/rows/Ruby200/lib/ruby/gems/2.0.0/gems/railties-4.0.3/lib/rails/templates/rails/welcome/index.html.erb (0.0ms)
Completed 200 OK in 10ms (Views: 10.0ms | ActiveRecord: 0.0ms)


Started GET "/" for 127.0.0.1 at 2015-08-07 20:08:49 +0530
Processing by Rails::WelcomeController#index as HTML
  Rendered C:/rows/Ruby200/lib/ruby/gems/2.0.0/gems/railties-4.0.3/lib/rails/templates/rails/welcome/index.html.erb (0.0ms)
Completed 200 OK in 20ms (Views: 20.0ms | ActiveRecord: 0.0ms)


Started GET "/" for 127.0.0.1 at 2015-08-07 20:15:36 +0530
Processing by Rails::WelcomeController#index as HTML
  Rendered C:/rows/Ruby200/lib/ruby/gems/2.0.0/gems/railties-4.0.3/lib/rails/templates/rails/welcome/index.html.erb (0.0ms)
Completed 200 OK in 10ms (Views: 10.0ms | ActiveRecord: 0.0ms)


Started GET "/" for 127.0.0.1 at 2015-08-07 20:15:38 +0530
Processing by Rails::WelcomeController#index as HTML
  Rendered C:/rows/Ruby200/lib/ruby/gems/2.0.0/gems/railties-4.0.3/lib/rails/templates/rails/welcome/index.html.erb (0.0ms)
Completed 200 OK in 10ms (Views: 10.0ms | ActiveRecord: 0.0ms)


Started GET "/" for 127.0.0.1 at 2015-08-07 20:16:20 +0530
Processing by DashboardController#index as HTML
  Rendered dashboard/index.html.erb within layouts/application (0.0ms)
Completed 500 Internal Server Error in 2997ms

ActionView::Template::Error (TypeError: Object doesn't support this property or method
  (in C:/rows/Ruby200/lib/ruby/gems/2.0.0/gems/turbolinks-2.5.3/lib/assets/javascripts/turbolinks.js.coffee)):
    3: <head>
    4:   <title>Contest1</title>
    5:   <%= stylesheet_link_tag    "application", media: "all", "data-turbolinks-track" => true %>
    6:   <%= javascript_include_tag "application", "data-turbolinks-track" => true %>
    7:   <%= csrf_meta_tags %>
    8: </head>
    9: <body>
  app/views/layouts/application.html.erb:6:in `_app_views_layouts_application_html_erb__438894098_31205028'


  Rendered C:/rows/Ruby200/lib/ruby/gems/2.0.0/gems/actionpack-4.0.3/lib/action_dispatch/middleware/templates/rescues/_trace.erb (0.0ms)
  Rendered C:/rows/Ruby200/lib/ruby/gems/2.0.0/gems/actionpack-4.0.3/lib/action_dispatch/middleware/templates/rescues/_request_and_response.erb (0.0ms)
  Rendered C:/rows/Ruby200/lib/ruby/gems/2.0.0/gems/actionpack-4.0.3/lib/action_dispatch/middleware/templates/rescues/template_error.erb within rescues/layout (60.0ms)


Started GET "/" for 127.0.0.1 at 2015-08-07 20:19:30 +0530
Processing by DashboardController#index as HTML
  Rendered dashboard/index.html.erb within layouts/application (0.0ms)
Completed 200 OK in 30ms (Views: 30.0ms | ActiveRecord: 0.0ms)


Started GET "/stylesheets/default.css" for 127.0.0.1 at 2015-08-07 20:19:30 +0530

ActionController::RoutingError (No route matches [GET] "/stylesheets/default.css"):
  actionpack (4.0.3) lib/action_dispatch/middleware/debug_exceptions.rb:21:in `call'
  actionpack (4.0.3) lib/action_dispatch/middleware/show_exceptions.rb:30:in `call'
  railties (4.0.3) lib/rails/rack/logger.rb:38:in `call_app'
  railties (4.0.3) lib/rails/rack/logger.rb:20:in `block in call'
  activesupport (4.0.3) lib/active_support/tagged_logging.rb:67:in `block in tagged'
  activesupport (4.0.3) lib/active_support/tagged_logging.rb:25:in `tagged'
  activesupport (4.0.3) lib/active_support/tagged_logging.rb:67:in `tagged'
  railties (4.0.3) lib/rails/rack/logger.rb:20:in `call'
  actionpack (4.0.3) lib/action_dispatch/middleware/request_id.rb:21:in `call'
  rack (1.5.5) lib/rack/methodoverride.rb:21:in `call'
  rack (1.5.5) lib/rack/runtime.rb:17:in `call'
  activesupport (4.0.3) lib/active_support/cache/strategy/local_cache.rb:83:in `call'
  rack (1.5.5) lib/rack/lock.rb:17:in `call'
  actionpack (4.0.3) lib/action_dispatch/middleware/static.rb:64:in `call'
  rack (1.5.5) lib/rack/sendfile.rb:112:in `call'
  railties (4.0.3) lib/rails/engine.rb:511:in `call'
  railties (4.0.3) lib/rails/application.rb:97:in `call'
  rack (1.5.5) lib/rack/lock.rb:17:in `call'
  rack (1.5.5) lib/rack/content_length.rb:14:in `call'
  rack (1.5.5) lib/rack/handler/webrick.rb:60:in `service'
  C:/rows/Ruby200/lib/ruby/2.0.0/webrick/httpserver.rb:138:in `service'
  C:/rows/Ruby200/lib/ruby/2.0.0/webrick/httpserver.rb:94:in `run'
  C:/rows/Ruby200/lib/ruby/2.0.0/webrick/server.rb:295:in `block in start_thread'


  Rendered C:/rows/Ruby200/lib/ruby/gems/2.0.0/gems/actionpack-4.0.3/lib/action_dispatch/middleware/templates/rescues/_trace.erb (0.0ms)
  Rendered C:/rows/Ruby200/lib/ruby/gems/2.0.0/gems/actionpack-4.0.3/lib/action_dispatch/middleware/templates/routes/_route.html.erb (0.0ms)
  Rendered C:/rows/Ruby200/lib/ruby/gems/2.0.0/gems/actionpack-4.0.3/lib/action_dispatch/middleware/templates/routes/_table.html.erb (10.0ms)
  Rendered C:/rows/Ruby200/lib/ruby/gems/2.0.0/gems/actionpack-4.0.3/lib/action_dispatch/middleware/templates/rescues/routing_error.erb within rescues/layout (130.0ms)


Started GET "/javascripts/default.js" for 127.0.0.1 at 2015-08-07 20:19:30 +0530

ActionController::RoutingError (No route matches [GET] "/javascripts/default.js"):
  actionpack (4.0.3) lib/action_dispatch/middleware/debug_exceptions.rb:21:in `call'
  actionpack (4.0.3) lib/action_dispatch/middleware/show_exceptions.rb:30:in `call'
  railties (4.0.3) lib/rails/rack/logger.rb:38:in `call_app'
  railties (4.0.3) lib/rails/rack/logger.rb:20:in `block in call'
  activesupport (4.0.3) lib/active_support/tagged_logging.rb:67:in `block in tagged'
  activesupport (4.0.3) lib/active_support/tagged_logging.rb:25:in `tagged'
  activesupport (4.0.3) lib/active_support/tagged_logging.rb:67:in `tagged'
  railties (4.0.3) lib/rails/rack/logger.rb:20:in `call'
  actionpack (4.0.3) lib/action_dispatch/middleware/request_id.rb:21:in `call'
  rack (1.5.5) lib/rack/methodoverride.rb:21:in `call'
  rack (1.5.5) lib/rack/runtime.rb:17:in `call'
  activesupport (4.0.3) lib/active_support/cache/strategy/local_cache.rb:83:in `call'
  rack (1.5.5) lib/rack/lock.rb:17:in `call'
  actionpack (4.0.3) lib/action_dispatch/middleware/static.rb:64:in `call'
  rack (1.5.5) lib/rack/sendfile.rb:112:in `call'
  railties (4.0.3) lib/rails/engine.rb:511:in `call'
  railties (4.0.3) lib/rails/application.rb:97:in `call'
  rack (1.5.5) lib/rack/lock.rb:17:in `call'
  rack (1.5.5) lib/rack/content_length.rb:14:in `call'
  rack (1.5.5) lib/rack/handler/webrick.rb:60:in `service'
  C:/rows/Ruby200/lib/ruby/2.0.0/webrick/httpserver.rb:138:in `service'
  C:/rows/Ruby200/lib/ruby/2.0.0/webrick/httpserver.rb:94:in `run'
  C:/rows/Ruby200/lib/ruby/2.0.0/webrick/server.rb:295:in `block in start_thread'


  Rendered C:/rows/Ruby200/lib/ruby/gems/2.0.0/gems/actionpack-4.0.3/lib/action_dispatch/middleware/templates/rescues/_trace.erb (0.0ms)
  Rendered C:/rows/Ruby200/lib/ruby/gems/2.0.0/gems/actionpack-4.0.3/lib/action_dispatch/middleware/templates/routes/_route.html.erb (0.0ms)
  Rendered C:/rows/Ruby200/lib/ruby/gems/2.0.0/gems/actionpack-4.0.3/lib/action_dispatch/middleware/templates/routes/_table.html.erb (10.0ms)
  Rendered C:/rows/Ruby200/lib/ruby/gems/2.0.0/gems/actionpack-4.0.3/lib/action_dispatch/middleware/templates/rescues/routing_error.erb within rescues/layout (90.0ms)


Started GET "/" for 127.0.0.1 at 2015-08-07 20:53:15 +0530
Processing by DashboardController#index as HTML
  Rendered dashboard/index.html.erb within layouts/application (10.0ms)
Completed 500 Internal Server Error in 2995ms

ActionView::Template::Error (TypeError: Object doesn't support this property or method
  (in C:/rows/Ruby200/lib/ruby/gems/2.0.0/gems/turbolinks-2.5.3/lib/assets/javascripts/turbolinks.js.coffee)):
    34:     <!-- Size should be 32 x 32 pixels -->
    35:     <%= favicon_link_tag 'favicon.ico', :rel => 'shortcut icon' %>
    36: 
    37:     <%= javascript_include_tag "application" %>
    38:   </head>
    39:   <body>
    40: 
  app/views/layouts/application.html.erb:37:in `_app_views_layouts_application_html_erb__94683062_29558148'


  Rendered C:/rows/Ruby200/lib/ruby/gems/2.0.0/gems/actionpack-4.0.3/lib/action_dispatch/middleware/templates/rescues/_trace.erb (0.0ms)
  Rendered C:/rows/Ruby200/lib/ruby/gems/2.0.0/gems/actionpack-4.0.3/lib/action_dispatch/middleware/templates/rescues/_request_and_response.erb (10.0ms)
  Rendered C:/rows/Ruby200/lib/ruby/gems/2.0.0/gems/actionpack-4.0.3/lib/action_dispatch/middleware/templates/rescues/template_error.erb within rescues/layout (60.0ms)


Started GET "/" for 127.0.0.1 at 2015-08-07 20:53:55 +0530
Processing by DashboardController#index as HTML
  Rendered dashboard/index.html.erb within layouts/application (0.0ms)
Completed 200 OK in 150ms (Views: 150.0ms | ActiveRecord: 0.0ms)


Started GET "/stylesheets/default.css" for 127.0.0.1 at 2015-08-07 20:53:56 +0530

ActionController::RoutingError (No route matches [GET] "/stylesheets/default.css"):
  actionpack (4.0.3) lib/action_dispatch/middleware/debug_exceptions.rb:21:in `call'
  actionpack (4.0.3) lib/action_dispatch/middleware/show_exceptions.rb:30:in `call'
  railties (4.0.3) lib/rails/rack/logger.rb:38:in `call_app'
  railties (4.0.3) lib/rails/rack/logger.rb:20:in `block in call'
  activesupport (4.0.3) lib/active_support/tagged_logging.rb:67:in `block in tagged'
  activesupport (4.0.3) lib/active_support/tagged_logging.rb:25:in `tagged'
  activesupport (4.0.3) lib/active_support/tagged_logging.rb:67:in `tagged'
  railties (4.0.3) lib/rails/rack/logger.rb:20:in `call'
  actionpack (4.0.3) lib/action_dispatch/middleware/request_id.rb:21:in `call'
  rack (1.5.5) lib/rack/methodoverride.rb:21:in `call'
  rack (1.5.5) lib/rack/runtime.rb:17:in `call'
  activesupport (4.0.3) lib/active_support/cache/strategy/local_cache.rb:83:in `call'
  rack (1.5.5) lib/rack/lock.rb:17:in `call'
  actionpack (4.0.3) lib/action_dispatch/middleware/static.rb:64:in `call'
  rack (1.5.5) lib/rack/sendfile.rb:112:in `call'
  railties (4.0.3) lib/rails/engine.rb:511:in `call'
  railties (4.0.3) lib/rails/application.rb:97:in `call'
  rack (1.5.5) lib/rack/lock.rb:17:in `call'
  rack (1.5.5) lib/rack/content_length.rb:14:in `call'
  rack (1.5.5) lib/rack/handler/webrick.rb:60:in `service'
  C:/rows/Ruby200/lib/ruby/2.0.0/webrick/httpserver.rb:138:in `service'
  C:/rows/Ruby200/lib/ruby/2.0.0/webrick/httpserver.rb:94:in `run'
  C:/rows/Ruby200/lib/ruby/2.0.0/webrick/server.rb:295:in `block in start_thread'


  Rendered C:/rows/Ruby200/lib/ruby/gems/2.0.0/gems/actionpack-4.0.3/lib/action_dispatch/middleware/templates/rescues/_trace.erb (0.0ms)
  Rendered C:/rows/Ruby200/lib/ruby/gems/2.0.0/gems/actionpack-4.0.3/lib/action_dispatch/middleware/templates/routes/_route.html.erb (0.0ms)
  Rendered C:/rows/Ruby200/lib/ruby/gems/2.0.0/gems/actionpack-4.0.3/lib/action_dispatch/middleware/templates/routes/_table.html.erb (20.0ms)
  Rendered C:/rows/Ruby200/lib/ruby/gems/2.0.0/gems/actionpack-4.0.3/lib/action_dispatch/middleware/templates/rescues/routing_error.erb within rescues/layout (140.0ms)


Started GET "/javascripts/default.js" for 127.0.0.1 at 2015-08-07 20:53:56 +0530

ActionController::RoutingError (No route matches [GET] "/javascripts/default.js"):
  actionpack (4.0.3) lib/action_dispatch/middleware/debug_exceptions.rb:21:in `call'
  actionpack (4.0.3) lib/action_dispatch/middleware/show_exceptions.rb:30:in `call'
  railties (4.0.3) lib/rails/rack/logger.rb:38:in `call_app'
  railties (4.0.3) lib/rails/rack/logger.rb:20:in `block in call'
  activesupport (4.0.3) lib/active_support/tagged_logging.rb:67:in `block in tagged'
  activesupport (4.0.3) lib/active_support/tagged_logging.rb:25:in `tagged'
  activesupport (4.0.3) lib/active_support/tagged_logging.rb:67:in `tagged'
  railties (4.0.3) lib/rails/rack/logger.rb:20:in `call'
  actionpack (4.0.3) lib/action_dispatch/middleware/request_id.rb:21:in `call'
  rack (1.5.5) lib/rack/methodoverride.rb:21:in `call'
  rack (1.5.5) lib/rack/runtime.rb:17:in `call'
  activesupport (4.0.3) lib/active_support/cache/strategy/local_cache.rb:83:in `call'
  rack (1.5.5) lib/rack/lock.rb:17:in `call'
  actionpack (4.0.3) lib/action_dispatch/middleware/static.rb:64:in `call'
  rack (1.5.5) lib/rack/sendfile.rb:112:in `call'
  railties (4.0.3) lib/rails/engine.rb:511:in `call'
  railties (4.0.3) lib/rails/application.rb:97:in `call'
  rack (1.5.5) lib/rack/lock.rb:17:in `call'
  rack (1.5.5) lib/rack/content_length.rb:14:in `call'
  rack (1.5.5) lib/rack/handler/webrick.rb:60:in `service'
  C:/rows/Ruby200/lib/ruby/2.0.0/webrick/httpserver.rb:138:in `service'
  C:/rows/Ruby200/lib/ruby/2.0.0/webrick/httpserver.rb:94:in `run'
  C:/rows/Ruby200/lib/ruby/2.0.0/webrick/server.rb:295:in `block in start_thread'


  Rendered C:/rows/Ruby200/lib/ruby/gems/2.0.0/gems/actionpack-4.0.3/lib/action_dispatch/middleware/templates/rescues/_trace.erb (0.0ms)
  Rendered C:/rows/Ruby200/lib/ruby/gems/2.0.0/gems/actionpack-4.0.3/lib/action_dispatch/middleware/templates/routes/_route.html.erb (0.0ms)
  Rendered C:/rows/Ruby200/lib/ruby/gems/2.0.0/gems/actionpack-4.0.3/lib/action_dispatch/middleware/templates/routes/_table.html.erb (0.0ms)
  Rendered C:/rows/Ruby200/lib/ruby/gems/2.0.0/gems/actionpack-4.0.3/lib/action_dispatch/middleware/templates/rescues/routing_error.erb within rescues/layout (90.0ms)


Started GET "/images/favicon.ico" for 127.0.0.1 at 2015-08-07 20:53:56 +0530

ActionController::RoutingError (No route matches [GET] "/images/favicon.ico"):
  actionpack (4.0.3) lib/action_dispatch/middleware/debug_exceptions.rb:21:in `call'
  actionpack (4.0.3) lib/action_dispatch/middleware/show_exceptions.rb:30:in `call'
  railties (4.0.3) lib/rails/rack/logger.rb:38:in `call_app'
  railties (4.0.3) lib/rails/rack/logger.rb:20:in `block in call'
  activesupport (4.0.3) lib/active_support/tagged_logging.rb:67:in `block in tagged'
  activesupport (4.0.3) lib/active_support/tagged_logging.rb:25:in `tagged'
  activesupport (4.0.3) lib/active_support/tagged_logging.rb:67:in `tagged'
  railties (4.0.3) lib/rails/rack/logger.rb:20:in `call'
  actionpack (4.0.3) lib/action_dispatch/middleware/request_id.rb:21:in `call'
  rack (1.5.5) lib/rack/methodoverride.rb:21:in `call'
  rack (1.5.5) lib/rack/runtime.rb:17:in `call'
  activesupport (4.0.3) lib/active_support/cache/strategy/local_cache.rb:83:in `call'
  rack (1.5.5) lib/rack/lock.rb:17:in `call'
  actionpack (4.0.3) lib/action_dispatch/middleware/static.rb:64:in `call'
  rack (1.5.5) lib/rack/sendfile.rb:112:in `call'
  railties (4.0.3) lib/rails/engine.rb:511:in `call'
  railties (4.0.3) lib/rails/application.rb:97:in `call'
  rack (1.5.5) lib/rack/lock.rb:17:in `call'
  rack (1.5.5) lib/rack/content_length.rb:14:in `call'
  rack (1.5.5) lib/rack/handler/webrick.rb:60:in `service'
  C:/rows/Ruby200/lib/ruby/2.0.0/webrick/httpserver.rb:138:in `service'
  C:/rows/Ruby200/lib/ruby/2.0.0/webrick/httpserver.rb:94:in `run'
  C:/rows/Ruby200/lib/ruby/2.0.0/webrick/server.rb:295:in `block in start_thread'


  Rendered C:/rows/Ruby200/lib/ruby/gems/2.0.0/gems/actionpack-4.0.3/lib/action_dispatch/middleware/templates/rescues/_trace.erb (1.0ms)
  Rendered C:/rows/Ruby200/lib/ruby/gems/2.0.0/gems/actionpack-4.0.3/lib/action_dispatch/middleware/templates/routes/_route.html.erb (0.0ms)
  Rendered C:/rows/Ruby200/lib/ruby/gems/2.0.0/gems/actionpack-4.0.3/lib/action_dispatch/middleware/templates/routes/_table.html.erb (0.0ms)
  Rendered C:/rows/Ruby200/lib/ruby/gems/2.0.0/gems/actionpack-4.0.3/lib/action_dispatch/middleware/templates/rescues/routing_error.erb within rescues/layout (93.0ms)


Started GET "/images/favicon.ico" for 127.0.0.1 at 2015-08-07 20:53:56 +0530

ActionController::RoutingError (No route matches [GET] "/images/favicon.ico"):
  actionpack (4.0.3) lib/action_dispatch/middleware/debug_exceptions.rb:21:in `call'
  actionpack (4.0.3) lib/action_dispatch/middleware/show_exceptions.rb:30:in `call'
  railties (4.0.3) lib/rails/rack/logger.rb:38:in `call_app'
  railties (4.0.3) lib/rails/rack/logger.rb:20:in `block in call'
  activesupport (4.0.3) lib/active_support/tagged_logging.rb:67:in `block in tagged'
  activesupport (4.0.3) lib/active_support/tagged_logging.rb:25:in `tagged'
  activesupport (4.0.3) lib/active_support/tagged_logging.rb:67:in `tagged'
  railties (4.0.3) lib/rails/rack/logger.rb:20:in `call'
  actionpack (4.0.3) lib/action_dispatch/middleware/request_id.rb:21:in `call'
  rack (1.5.5) lib/rack/methodoverride.rb:21:in `call'
  rack (1.5.5) lib/rack/runtime.rb:17:in `call'
  activesupport (4.0.3) lib/active_support/cache/strategy/local_cache.rb:83:in `call'
  rack (1.5.5) lib/rack/lock.rb:17:in `call'
  actionpack (4.0.3) lib/action_dispatch/middleware/static.rb:64:in `call'
  rack (1.5.5) lib/rack/sendfile.rb:112:in `call'
  railties (4.0.3) lib/rails/engine.rb:511:in `call'
  railties (4.0.3) lib/rails/application.rb:97:in `call'
  rack (1.5.5) lib/rack/lock.rb:17:in `call'
  rack (1.5.5) lib/rack/content_length.rb:14:in `call'
  rack (1.5.5) lib/rack/handler/webrick.rb:60:in `service'
  C:/rows/Ruby200/lib/ruby/2.0.0/webrick/httpserver.rb:138:in `service'
  C:/rows/Ruby200/lib/ruby/2.0.0/webrick/httpserver.rb:94:in `run'
  C:/rows/Ruby200/lib/ruby/2.0.0/webrick/server.rb:295:in `block in start_thread'


  Rendered C:/rows/Ruby200/lib/ruby/gems/2.0.0/gems/actionpack-4.0.3/lib/action_dispatch/middleware/templates/rescues/_trace.erb (0.0ms)
  Rendered C:/rows/Ruby200/lib/ruby/gems/2.0.0/gems/actionpack-4.0.3/lib/action_dispatch/middleware/templates/routes/_route.html.erb (0.0ms)
  Rendered C:/rows/Ruby200/lib/ruby/gems/2.0.0/gems/actionpack-4.0.3/lib/action_dispatch/middleware/templates/routes/_table.html.erb (0.0ms)
  Rendered C:/rows/Ruby200/lib/ruby/gems/2.0.0/gems/actionpack-4.0.3/lib/action_dispatch/middleware/templates/rescues/routing_error.erb within rescues/layout (80.0ms)


Started GET "/path1" for 127.0.0.1 at 2015-08-07 20:54:05 +0530

ActionController::RoutingError (No route matches [GET] "/path1"):
  actionpack (4.0.3) lib/action_dispatch/middleware/debug_exceptions.rb:21:in `call'
  actionpack (4.0.3) lib/action_dispatch/middleware/show_exceptions.rb:30:in `call'
  railties (4.0.3) lib/rails/rack/logger.rb:38:in `call_app'
  railties (4.0.3) lib/rails/rack/logger.rb:20:in `block in call'
  activesupport (4.0.3) lib/active_support/tagged_logging.rb:67:in `block in tagged'
  activesupport (4.0.3) lib/active_support/tagged_logging.rb:25:in `tagged'
  activesupport (4.0.3) lib/active_support/tagged_logging.rb:67:in `tagged'
  railties (4.0.3) lib/rails/rack/logger.rb:20:in `call'
  actionpack (4.0.3) lib/action_dispatch/middleware/request_id.rb:21:in `call'
  rack (1.5.5) lib/rack/methodoverride.rb:21:in `call'
  rack (1.5.5) lib/rack/runtime.rb:17:in `call'
  activesupport (4.0.3) lib/active_support/cache/strategy/local_cache.rb:83:in `call'
  rack (1.5.5) lib/rack/lock.rb:17:in `call'
  actionpack (4.0.3) lib/action_dispatch/middleware/static.rb:64:in `call'
  rack (1.5.5) lib/rack/sendfile.rb:112:in `call'
  railties (4.0.3) lib/rails/engine.rb:511:in `call'
  railties (4.0.3) lib/rails/application.rb:97:in `call'
  rack (1.5.5) lib/rack/lock.rb:17:in `call'
  rack (1.5.5) lib/rack/content_length.rb:14:in `call'
  rack (1.5.5) lib/rack/handler/webrick.rb:60:in `service'
  C:/rows/Ruby200/lib/ruby/2.0.0/webrick/httpserver.rb:138:in `service'
  C:/rows/Ruby200/lib/ruby/2.0.0/webrick/httpserver.rb:94:in `run'
  C:/rows/Ruby200/lib/ruby/2.0.0/webrick/server.rb:295:in `block in start_thread'


  Rendered C:/rows/Ruby200/lib/ruby/gems/2.0.0/gems/actionpack-4.0.3/lib/action_dispatch/middleware/templates/rescues/_trace.erb (0.0ms)
  Rendered C:/rows/Ruby200/lib/ruby/gems/2.0.0/gems/actionpack-4.0.3/lib/action_dispatch/middleware/templates/routes/_route.html.erb (0.0ms)
  Rendered C:/rows/Ruby200/lib/ruby/gems/2.0.0/gems/actionpack-4.0.3/lib/action_dispatch/middleware/templates/routes/_table.html.erb (0.0ms)
  Rendered C:/rows/Ruby200/lib/ruby/gems/2.0.0/gems/actionpack-4.0.3/lib/action_dispatch/middleware/templates/rescues/routing_error.erb within rescues/layout (90.0ms)


Started GET "/path2" for 127.0.0.1 at 2015-08-07 20:54:11 +0530

ActionController::RoutingError (No route matches [GET] "/path2"):
  actionpack (4.0.3) lib/action_dispatch/middleware/debug_exceptions.rb:21:in `call'
  actionpack (4.0.3) lib/action_dispatch/middleware/show_exceptions.rb:30:in `call'
  railties (4.0.3) lib/rails/rack/logger.rb:38:in `call_app'
  railties (4.0.3) lib/rails/rack/logger.rb:20:in `block in call'
  activesupport (4.0.3) lib/active_support/tagged_logging.rb:67:in `block in tagged'
  activesupport (4.0.3) lib/active_support/tagged_logging.rb:25:in `tagged'
  activesupport (4.0.3) lib/active_support/tagged_logging.rb:67:in `tagged'
  railties (4.0.3) lib/rails/rack/logger.rb:20:in `call'
  actionpack (4.0.3) lib/action_dispatch/middleware/request_id.rb:21:in `call'
  rack (1.5.5) lib/rack/methodoverride.rb:21:in `call'
  rack (1.5.5) lib/rack/runtime.rb:17:in `call'
  activesupport (4.0.3) lib/active_support/cache/strategy/local_cache.rb:83:in `call'
  rack (1.5.5) lib/rack/lock.rb:17:in `call'
  actionpack (4.0.3) lib/action_dispatch/middleware/static.rb:64:in `call'
  rack (1.5.5) lib/rack/sendfile.rb:112:in `call'
  railties (4.0.3) lib/rails/engine.rb:511:in `call'
  railties (4.0.3) lib/rails/application.rb:97:in `call'
  rack (1.5.5) lib/rack/lock.rb:17:in `call'
  rack (1.5.5) lib/rack/content_length.rb:14:in `call'
  rack (1.5.5) lib/rack/handler/webrick.rb:60:in `service'
  C:/rows/Ruby200/lib/ruby/2.0.0/webrick/httpserver.rb:138:in `service'
  C:/rows/Ruby200/lib/ruby/2.0.0/webrick/httpserver.rb:94:in `run'
  C:/rows/Ruby200/lib/ruby/2.0.0/webrick/server.rb:295:in `block in start_thread'


  Rendered C:/rows/Ruby200/lib/ruby/gems/2.0.0/gems/actionpack-4.0.3/lib/action_dispatch/middleware/templates/rescues/_trace.erb (0.0ms)
  Rendered C:/rows/Ruby200/lib/ruby/gems/2.0.0/gems/actionpack-4.0.3/lib/action_dispatch/middleware/templates/routes/_route.html.erb (0.0ms)
  Rendered C:/rows/Ruby200/lib/ruby/gems/2.0.0/gems/actionpack-4.0.3/lib/action_dispatch/middleware/templates/routes/_table.html.erb (0.0ms)
  Rendered C:/rows/Ruby200/lib/ruby/gems/2.0.0/gems/actionpack-4.0.3/lib/action_dispatch/middleware/templates/rescues/routing_error.erb within rescues/layout (90.0ms)


Started GET "/path2" for 127.0.0.1 at 2015-08-07 20:54:13 +0530

ActionController::RoutingError (No route matches [GET] "/path2"):
  actionpack (4.0.3) lib/action_dispatch/middleware/debug_exceptions.rb:21:in `call'
  actionpack (4.0.3) lib/action_dispatch/middleware/show_exceptions.rb:30:in `call'
  railties (4.0.3) lib/rails/rack/logger.rb:38:in `call_app'
  railties (4.0.3) lib/rails/rack/logger.rb:20:in `block in call'
  activesupport (4.0.3) lib/active_support/tagged_logging.rb:67:in `block in tagged'
  activesupport (4.0.3) lib/active_support/tagged_logging.rb:25:in `tagged'
  activesupport (4.0.3) lib/active_support/tagged_logging.rb:67:in `tagged'
  railties (4.0.3) lib/rails/rack/logger.rb:20:in `call'
  actionpack (4.0.3) lib/action_dispatch/middleware/request_id.rb:21:in `call'
  rack (1.5.5) lib/rack/methodoverride.rb:21:in `call'
  rack (1.5.5) lib/rack/runtime.rb:17:in `call'
  activesupport (4.0.3) lib/active_support/cache/strategy/local_cache.rb:83:in `call'
  rack (1.5.5) lib/rack/lock.rb:17:in `call'
  actionpack (4.0.3) lib/action_dispatch/middleware/static.rb:64:in `call'
  rack (1.5.5) lib/rack/sendfile.rb:112:in `call'
  railties (4.0.3) lib/rails/engine.rb:511:in `call'
  railties (4.0.3) lib/rails/application.rb:97:in `call'
  rack (1.5.5) lib/rack/lock.rb:17:in `call'
  rack (1.5.5) lib/rack/content_length.rb:14:in `call'
  rack (1.5.5) lib/rack/handler/webrick.rb:60:in `service'
  C:/rows/Ruby200/lib/ruby/2.0.0/webrick/httpserver.rb:138:in `service'
  C:/rows/Ruby200/lib/ruby/2.0.0/webrick/httpserver.rb:94:in `run'
  C:/rows/Ruby200/lib/ruby/2.0.0/webrick/server.rb:295:in `block in start_thread'


  Rendered C:/rows/Ruby200/lib/ruby/gems/2.0.0/gems/actionpack-4.0.3/lib/action_dispatch/middleware/templates/rescues/_trace.erb (0.0ms)
  Rendered C:/rows/Ruby200/lib/ruby/gems/2.0.0/gems/actionpack-4.0.3/lib/action_dispatch/middleware/templates/routes/_route.html.erb (10.0ms)
  Rendered C:/rows/Ruby200/lib/ruby/gems/2.0.0/gems/actionpack-4.0.3/lib/action_dispatch/middleware/templates/routes/_table.html.erb (0.0ms)
  Rendered C:/rows/Ruby200/lib/ruby/gems/2.0.0/gems/actionpack-4.0.3/lib/action_dispatch/middleware/templates/rescues/routing_error.erb within rescues/layout (100.0ms)


Started GET "/" for 127.0.0.1 at 2015-08-07 21:18:22 +0530
Processing by DashboardController#index as HTML
  Rendered dashboard/index.html.erb within layouts/application (0.0ms)
Completed 200 OK in 170ms (Views: 170.0ms | ActiveRecord: 0.0ms)


Started GET "/stylesheets/default.css" for 127.0.0.1 at 2015-08-07 21:18:22 +0530

ActionController::RoutingError (No route matches [GET] "/stylesheets/default.css"):
  actionpack (4.0.3) lib/action_dispatch/middleware/debug_exceptions.rb:21:in `call'
  actionpack (4.0.3) lib/action_dispatch/middleware/show_exceptions.rb:30:in `call'
  railties (4.0.3) lib/rails/rack/logger.rb:38:in `call_app'
  railties (4.0.3) lib/rails/rack/logger.rb:20:in `block in call'
  activesupport (4.0.3) lib/active_support/tagged_logging.rb:67:in `block in tagged'
  activesupport (4.0.3) lib/active_support/tagged_logging.rb:25:in `tagged'
  activesupport (4.0.3) lib/active_support/tagged_logging.rb:67:in `tagged'
  railties (4.0.3) lib/rails/rack/logger.rb:20:in `call'
  actionpack (4.0.3) lib/action_dispatch/middleware/request_id.rb:21:in `call'
  rack (1.5.5) lib/rack/methodoverride.rb:21:in `call'
  rack (1.5.5) lib/rack/runtime.rb:17:in `call'
  activesupport (4.0.3) lib/active_support/cache/strategy/local_cache.rb:83:in `call'
  rack (1.5.5) lib/rack/lock.rb:17:in `call'
  actionpack (4.0.3) lib/action_dispatch/middleware/static.rb:64:in `call'
  rack (1.5.5) lib/rack/sendfile.rb:112:in `call'
  railties (4.0.3) lib/rails/engine.rb:511:in `call'
  railties (4.0.3) lib/rails/application.rb:97:in `call'
  rack (1.5.5) lib/rack/lock.rb:17:in `call'
  rack (1.5.5) lib/rack/content_length.rb:14:in `call'
  rack (1.5.5) lib/rack/handler/webrick.rb:60:in `service'
  C:/rows/Ruby200/lib/ruby/2.0.0/webrick/httpserver.rb:138:in `service'
  C:/rows/Ruby200/lib/ruby/2.0.0/webrick/httpserver.rb:94:in `run'
  C:/rows/Ruby200/lib/ruby/2.0.0/webrick/server.rb:295:in `block in start_thread'


  Rendered C:/rows/Ruby200/lib/ruby/gems/2.0.0/gems/actionpack-4.0.3/lib/action_dispatch/middleware/templates/rescues/_trace.erb (0.0ms)
  Rendered C:/rows/Ruby200/lib/ruby/gems/2.0.0/gems/actionpack-4.0.3/lib/action_dispatch/middleware/templates/routes/_route.html.erb (0.0ms)
  Rendered C:/rows/Ruby200/lib/ruby/gems/2.0.0/gems/actionpack-4.0.3/lib/action_dispatch/middleware/templates/routes/_table.html.erb (0.0ms)
  Rendered C:/rows/Ruby200/lib/ruby/gems/2.0.0/gems/actionpack-4.0.3/lib/action_dispatch/middleware/templates/rescues/routing_error.erb within rescues/layout (100.0ms)


Started GET "/javascripts/default.js" for 127.0.0.1 at 2015-08-07 21:18:22 +0530

ActionController::RoutingError (No route matches [GET] "/javascripts/default.js"):
  actionpack (4.0.3) lib/action_dispatch/middleware/debug_exceptions.rb:21:in `call'
  actionpack (4.0.3) lib/action_dispatch/middleware/show_exceptions.rb:30:in `call'
  railties (4.0.3) lib/rails/rack/logger.rb:38:in `call_app'
  railties (4.0.3) lib/rails/rack/logger.rb:20:in `block in call'
  activesupport (4.0.3) lib/active_support/tagged_logging.rb:67:in `block in tagged'
  activesupport (4.0.3) lib/active_support/tagged_logging.rb:25:in `tagged'
  activesupport (4.0.3) lib/active_support/tagged_logging.rb:67:in `tagged'
  railties (4.0.3) lib/rails/rack/logger.rb:20:in `call'
  actionpack (4.0.3) lib/action_dispatch/middleware/request_id.rb:21:in `call'
  rack (1.5.5) lib/rack/methodoverride.rb:21:in `call'
  rack (1.5.5) lib/rack/runtime.rb:17:in `call'
  activesupport (4.0.3) lib/active_support/cache/strategy/local_cache.rb:83:in `call'
  rack (1.5.5) lib/rack/lock.rb:17:in `call'
  actionpack (4.0.3) lib/action_dispatch/middleware/static.rb:64:in `call'
  rack (1.5.5) lib/rack/sendfile.rb:112:in `call'
  railties (4.0.3) lib/rails/engine.rb:511:in `call'
  railties (4.0.3) lib/rails/application.rb:97:in `call'
  rack (1.5.5) lib/rack/lock.rb:17:in `call'
  rack (1.5.5) lib/rack/content_length.rb:14:in `call'
  rack (1.5.5) lib/rack/handler/webrick.rb:60:in `service'
  C:/rows/Ruby200/lib/ruby/2.0.0/webrick/httpserver.rb:138:in `service'
  C:/rows/Ruby200/lib/ruby/2.0.0/webrick/httpserver.rb:94:in `run'
  C:/rows/Ruby200/lib/ruby/2.0.0/webrick/server.rb:295:in `block in start_thread'


  Rendered C:/rows/Ruby200/lib/ruby/gems/2.0.0/gems/actionpack-4.0.3/lib/action_dispatch/middleware/templates/rescues/_trace.erb (0.0ms)
  Rendered C:/rows/Ruby200/lib/ruby/gems/2.0.0/gems/actionpack-4.0.3/lib/action_dispatch/middleware/templates/routes/_route.html.erb (0.0ms)
  Rendered C:/rows/Ruby200/lib/ruby/gems/2.0.0/gems/actionpack-4.0.3/lib/action_dispatch/middleware/templates/routes/_table.html.erb (0.0ms)
  Rendered C:/rows/Ruby200/lib/ruby/gems/2.0.0/gems/actionpack-4.0.3/lib/action_dispatch/middleware/templates/rescues/routing_error.erb within rescues/layout (93.0ms)


Started GET "/" for 127.0.0.1 at 2015-08-07 21:21:32 +0530
Processing by DashboardController#index as HTML
  Rendered dashboard/index.html.erb within layouts/application (0.0ms)
Completed 200 OK in 185ms (Views: 185.0ms | ActiveRecord: 0.0ms)


Started GET "/javascripts/default.js" for 127.0.0.1 at 2015-08-07 21:21:32 +0530

ActionController::RoutingError (No route matches [GET] "/javascripts/default.js"):
  actionpack (4.0.3) lib/action_dispatch/middleware/debug_exceptions.rb:21:in `call'
  actionpack (4.0.3) lib/action_dispatch/middleware/show_exceptions.rb:30:in `call'
  railties (4.0.3) lib/rails/rack/logger.rb:38:in `call_app'
  railties (4.0.3) lib/rails/rack/logger.rb:20:in `block in call'
  activesupport (4.0.3) lib/active_support/tagged_logging.rb:67:in `block in tagged'
  activesupport (4.0.3) lib/active_support/tagged_logging.rb:25:in `tagged'
  activesupport (4.0.3) lib/active_support/tagged_logging.rb:67:in `tagged'
  railties (4.0.3) lib/rails/rack/logger.rb:20:in `call'
  actionpack (4.0.3) lib/action_dispatch/middleware/request_id.rb:21:in `call'
  rack (1.5.5) lib/rack/methodoverride.rb:21:in `call'
  rack (1.5.5) lib/rack/runtime.rb:17:in `call'
  activesupport (4.0.3) lib/active_support/cache/strategy/local_cache.rb:83:in `call'
  rack (1.5.5) lib/rack/lock.rb:17:in `call'
  actionpack (4.0.3) lib/action_dispatch/middleware/static.rb:64:in `call'
  rack (1.5.5) lib/rack/sendfile.rb:112:in `call'
  railties (4.0.3) lib/rails/engine.rb:511:in `call'
  railties (4.0.3) lib/rails/application.rb:97:in `call'
  rack (1.5.5) lib/rack/lock.rb:17:in `call'
  rack (1.5.5) lib/rack/content_length.rb:14:in `call'
  rack (1.5.5) lib/rack/handler/webrick.rb:60:in `service'
  C:/rows/Ruby200/lib/ruby/2.0.0/webrick/httpserver.rb:138:in `service'
  C:/rows/Ruby200/lib/ruby/2.0.0/webrick/httpserver.rb:94:in `run'
  C:/rows/Ruby200/lib/ruby/2.0.0/webrick/server.rb:295:in `block in start_thread'


  Rendered C:/rows/Ruby200/lib/ruby/gems/2.0.0/gems/actionpack-4.0.3/lib/action_dispatch/middleware/templates/rescues/_trace.erb (0.0ms)
  Rendered C:/rows/Ruby200/lib/ruby/gems/2.0.0/gems/actionpack-4.0.3/lib/action_dispatch/middleware/templates/routes/_route.html.erb (0.0ms)
  Rendered C:/rows/Ruby200/lib/ruby/gems/2.0.0/gems/actionpack-4.0.3/lib/action_dispatch/middleware/templates/routes/_table.html.erb (0.0ms)
  Rendered C:/rows/Ruby200/lib/ruby/gems/2.0.0/gems/actionpack-4.0.3/lib/action_dispatch/middleware/templates/rescues/routing_error.erb within rescues/layout (90.0ms)


Started GET "/stylesheets/default.css" for 127.0.0.1 at 2015-08-07 21:21:32 +0530

ActionController::RoutingError (No route matches [GET] "/stylesheets/default.css"):
  actionpack (4.0.3) lib/action_dispatch/middleware/debug_exceptions.rb:21:in `call'
  actionpack (4.0.3) lib/action_dispatch/middleware/show_exceptions.rb:30:in `call'
  railties (4.0.3) lib/rails/rack/logger.rb:38:in `call_app'
  railties (4.0.3) lib/rails/rack/logger.rb:20:in `block in call'
  activesupport (4.0.3) lib/active_support/tagged_logging.rb:67:in `block in tagged'
  activesupport (4.0.3) lib/active_support/tagged_logging.rb:25:in `tagged'
  activesupport (4.0.3) lib/active_support/tagged_logging.rb:67:in `tagged'
  railties (4.0.3) lib/rails/rack/logger.rb:20:in `call'
  actionpack (4.0.3) lib/action_dispatch/middleware/request_id.rb:21:in `call'
  rack (1.5.5) lib/rack/methodoverride.rb:21:in `call'
  rack (1.5.5) lib/rack/runtime.rb:17:in `call'
  activesupport (4.0.3) lib/active_support/cache/strategy/local_cache.rb:83:in `call'
  rack (1.5.5) lib/rack/lock.rb:17:in `call'
  actionpack (4.0.3) lib/action_dispatch/middleware/static.rb:64:in `call'
  rack (1.5.5) lib/rack/sendfile.rb:112:in `call'
  railties (4.0.3) lib/rails/engine.rb:511:in `call'
  railties (4.0.3) lib/rails/application.rb:97:in `call'
  rack (1.5.5) lib/rack/lock.rb:17:in `call'
  rack (1.5.5) lib/rack/content_length.rb:14:in `call'
  rack (1.5.5) lib/rack/handler/webrick.rb:60:in `service'
  C:/rows/Ruby200/lib/ruby/2.0.0/webrick/httpserver.rb:138:in `service'
  C:/rows/Ruby200/lib/ruby/2.0.0/webrick/httpserver.rb:94:in `run'
  C:/rows/Ruby200/lib/ruby/2.0.0/webrick/server.rb:295:in `block in start_thread'


  Rendered C:/rows/Ruby200/lib/ruby/gems/2.0.0/gems/actionpack-4.0.3/lib/action_dispatch/middleware/templates/rescues/_trace.erb (0.0ms)
  Rendered C:/rows/Ruby200/lib/ruby/gems/2.0.0/gems/actionpack-4.0.3/lib/action_dispatch/middleware/templates/routes/_route.html.erb (0.0ms)
  Rendered C:/rows/Ruby200/lib/ruby/gems/2.0.0/gems/actionpack-4.0.3/lib/action_dispatch/middleware/templates/routes/_table.html.erb (0.0ms)
  Rendered C:/rows/Ruby200/lib/ruby/gems/2.0.0/gems/actionpack-4.0.3/lib/action_dispatch/middleware/templates/rescues/routing_error.erb within rescues/layout (91.0ms)


Started GET "/path1" for 127.0.0.1 at 2015-08-07 21:21:35 +0530

ActionController::RoutingError (No route matches [GET] "/path1"):
  actionpack (4.0.3) lib/action_dispatch/middleware/debug_exceptions.rb:21:in `call'
  actionpack (4.0.3) lib/action_dispatch/middleware/show_exceptions.rb:30:in `call'
  railties (4.0.3) lib/rails/rack/logger.rb:38:in `call_app'
  railties (4.0.3) lib/rails/rack/logger.rb:20:in `block in call'
  activesupport (4.0.3) lib/active_support/tagged_logging.rb:67:in `block in tagged'
  activesupport (4.0.3) lib/active_support/tagged_logging.rb:25:in `tagged'
  activesupport (4.0.3) lib/active_support/tagged_logging.rb:67:in `tagged'
  railties (4.0.3) lib/rails/rack/logger.rb:20:in `call'
  actionpack (4.0.3) lib/action_dispatch/middleware/request_id.rb:21:in `call'
  rack (1.5.5) lib/rack/methodoverride.rb:21:in `call'
  rack (1.5.5) lib/rack/runtime.rb:17:in `call'
  activesupport (4.0.3) lib/active_support/cache/strategy/local_cache.rb:83:in `call'
  rack (1.5.5) lib/rack/lock.rb:17:in `call'
  actionpack (4.0.3) lib/action_dispatch/middleware/static.rb:64:in `call'
  rack (1.5.5) lib/rack/sendfile.rb:112:in `call'
  railties (4.0.3) lib/rails/engine.rb:511:in `call'
  railties (4.0.3) lib/rails/application.rb:97:in `call'
  rack (1.5.5) lib/rack/lock.rb:17:in `call'
  rack (1.5.5) lib/rack/content_length.rb:14:in `call'
  rack (1.5.5) lib/rack/handler/webrick.rb:60:in `service'
  C:/rows/Ruby200/lib/ruby/2.0.0/webrick/httpserver.rb:138:in `service'
  C:/rows/Ruby200/lib/ruby/2.0.0/webrick/httpserver.rb:94:in `run'
  C:/rows/Ruby200/lib/ruby/2.0.0/webrick/server.rb:295:in `block in start_thread'


  Rendered C:/rows/Ruby200/lib/ruby/gems/2.0.0/gems/actionpack-4.0.3/lib/action_dispatch/middleware/templates/rescues/_trace.erb (0.0ms)
  Rendered C:/rows/Ruby200/lib/ruby/gems/2.0.0/gems/actionpack-4.0.3/lib/action_dispatch/middleware/templates/routes/_route.html.erb (0.0ms)
  Rendered C:/rows/Ruby200/lib/ruby/gems/2.0.0/gems/actionpack-4.0.3/lib/action_dispatch/middleware/templates/routes/_table.html.erb (0.0ms)
  Rendered C:/rows/Ruby200/lib/ruby/gems/2.0.0/gems/actionpack-4.0.3/lib/action_dispatch/middleware/templates/rescues/routing_error.erb within rescues/layout (90.0ms)


Started GET "/" for 127.0.0.1 at 2015-08-07 21:28:33 +0530
Processing by DashboardController#index as HTML
  Rendered dashboard/index.html.erb within layouts/application (0.0ms)
Completed 200 OK in 170ms (Views: 170.0ms | ActiveRecord: 0.0ms)


Started GET "/stylesheets/default.css" for 127.0.0.1 at 2015-08-07 21:28:33 +0530

ActionController::RoutingError (No route matches [GET] "/stylesheets/default.css"):
  actionpack (4.0.3) lib/action_dispatch/middleware/debug_exceptions.rb:21:in `call'
  actionpack (4.0.3) lib/action_dispatch/middleware/show_exceptions.rb:30:in `call'
  railties (4.0.3) lib/rails/rack/logger.rb:38:in `call_app'
  railties (4.0.3) lib/rails/rack/logger.rb:20:in `block in call'
  activesupport (4.0.3) lib/active_support/tagged_logging.rb:67:in `block in tagged'
  activesupport (4.0.3) lib/active_support/tagged_logging.rb:25:in `tagged'
  activesupport (4.0.3) lib/active_support/tagged_logging.rb:67:in `tagged'
  railties (4.0.3) lib/rails/rack/logger.rb:20:in `call'
  actionpack (4.0.3) lib/action_dispatch/middleware/request_id.rb:21:in `call'
  rack (1.5.5) lib/rack/methodoverride.rb:21:in `call'
  rack (1.5.5) lib/rack/runtime.rb:17:in `call'
  activesupport (4.0.3) lib/active_support/cache/strategy/local_cache.rb:83:in `call'
  rack (1.5.5) lib/rack/lock.rb:17:in `call'
  actionpack (4.0.3) lib/action_dispatch/middleware/static.rb:64:in `call'
  rack (1.5.5) lib/rack/sendfile.rb:112:in `call'
  railties (4.0.3) lib/rails/engine.rb:511:in `call'
  railties (4.0.3) lib/rails/application.rb:97:in `call'
  rack (1.5.5) lib/rack/lock.rb:17:in `call'
  rack (1.5.5) lib/rack/content_length.rb:14:in `call'
  rack (1.5.5) lib/rack/handler/webrick.rb:60:in `service'
  C:/rows/Ruby200/lib/ruby/2.0.0/webrick/httpserver.rb:138:in `service'
  C:/rows/Ruby200/lib/ruby/2.0.0/webrick/httpserver.rb:94:in `run'
  C:/rows/Ruby200/lib/ruby/2.0.0/webrick/server.rb:295:in `block in start_thread'


  Rendered C:/rows/Ruby200/lib/ruby/gems/2.0.0/gems/actionpack-4.0.3/lib/action_dispatch/middleware/templates/rescues/_trace.erb (0.0ms)
  Rendered C:/rows/Ruby200/lib/ruby/gems/2.0.0/gems/actionpack-4.0.3/lib/action_dispatch/middleware/templates/routes/_route.html.erb (0.0ms)
  Rendered C:/rows/Ruby200/lib/ruby/gems/2.0.0/gems/actionpack-4.0.3/lib/action_dispatch/middleware/templates/routes/_table.html.erb (0.0ms)
  Rendered C:/rows/Ruby200/lib/ruby/gems/2.0.0/gems/actionpack-4.0.3/lib/action_dispatch/middleware/templates/rescues/routing_error.erb within rescues/layout (80.0ms)


Started GET "/javascripts/default.js" for 127.0.0.1 at 2015-08-07 21:28:33 +0530

ActionController::RoutingError (No route matches [GET] "/javascripts/default.js"):
  actionpack (4.0.3) lib/action_dispatch/middleware/debug_exceptions.rb:21:in `call'
  actionpack (4.0.3) lib/action_dispatch/middleware/show_exceptions.rb:30:in `call'
  railties (4.0.3) lib/rails/rack/logger.rb:38:in `call_app'
  railties (4.0.3) lib/rails/rack/logger.rb:20:in `block in call'
  activesupport (4.0.3) lib/active_support/tagged_logging.rb:67:in `block in tagged'
  activesupport (4.0.3) lib/active_support/tagged_logging.rb:25:in `tagged'
  activesupport (4.0.3) lib/active_support/tagged_logging.rb:67:in `tagged'
  railties (4.0.3) lib/rails/rack/logger.rb:20:in `call'
  actionpack (4.0.3) lib/action_dispatch/middleware/request_id.rb:21:in `call'
  rack (1.5.5) lib/rack/methodoverride.rb:21:in `call'
  rack (1.5.5) lib/rack/runtime.rb:17:in `call'
  activesupport (4.0.3) lib/active_support/cache/strategy/local_cache.rb:83:in `call'
  rack (1.5.5) lib/rack/lock.rb:17:in `call'
  actionpack (4.0.3) lib/action_dispatch/middleware/static.rb:64:in `call'
  rack (1.5.5) lib/rack/sendfile.rb:112:in `call'
  railties (4.0.3) lib/rails/engine.rb:511:in `call'
  railties (4.0.3) lib/rails/application.rb:97:in `call'
  rack (1.5.5) lib/rack/lock.rb:17:in `call'
  rack (1.5.5) lib/rack/content_length.rb:14:in `call'
  rack (1.5.5) lib/rack/handler/webrick.rb:60:in `service'
  C:/rows/Ruby200/lib/ruby/2.0.0/webrick/httpserver.rb:138:in `service'
  C:/rows/Ruby200/lib/ruby/2.0.0/webrick/httpserver.rb:94:in `run'
  C:/rows/Ruby200/lib/ruby/2.0.0/webrick/server.rb:295:in `block in start_thread'


  Rendered C:/rows/Ruby200/lib/ruby/gems/2.0.0/gems/actionpack-4.0.3/lib/action_dispatch/middleware/templates/rescues/_trace.erb (0.0ms)
  Rendered C:/rows/Ruby200/lib/ruby/gems/2.0.0/gems/actionpack-4.0.3/lib/action_dispatch/middleware/templates/routes/_route.html.erb (10.0ms)
  Rendered C:/rows/Ruby200/lib/ruby/gems/2.0.0/gems/actionpack-4.0.3/lib/action_dispatch/middleware/templates/routes/_table.html.erb (0.0ms)
  Rendered C:/rows/Ruby200/lib/ruby/gems/2.0.0/gems/actionpack-4.0.3/lib/action_dispatch/middleware/templates/rescues/routing_error.erb within rescues/layout (100.0ms)


Started GET "/stylesheets/default.css" for 127.0.0.1 at 2015-08-07 21:28:44 +0530

ActionController::RoutingError (No route matches [GET] "/stylesheets/default.css"):
  actionpack (4.0.3) lib/action_dispatch/middleware/debug_exceptions.rb:21:in `call'
  actionpack (4.0.3) lib/action_dispatch/middleware/show_exceptions.rb:30:in `call'
  railties (4.0.3) lib/rails/rack/logger.rb:38:in `call_app'
  railties (4.0.3) lib/rails/rack/logger.rb:20:in `block in call'
  activesupport (4.0.3) lib/active_support/tagged_logging.rb:67:in `block in tagged'
  activesupport (4.0.3) lib/active_support/tagged_logging.rb:25:in `tagged'
  activesupport (4.0.3) lib/active_support/tagged_logging.rb:67:in `tagged'
  railties (4.0.3) lib/rails/rack/logger.rb:20:in `call'
  actionpack (4.0.3) lib/action_dispatch/middleware/request_id.rb:21:in `call'
  rack (1.5.5) lib/rack/methodoverride.rb:21:in `call'
  rack (1.5.5) lib/rack/runtime.rb:17:in `call'
  activesupport (4.0.3) lib/active_support/cache/strategy/local_cache.rb:83:in `call'
  rack (1.5.5) lib/rack/lock.rb:17:in `call'
  actionpack (4.0.3) lib/action_dispatch/middleware/static.rb:64:in `call'
  rack (1.5.5) lib/rack/sendfile.rb:112:in `call'
  railties (4.0.3) lib/rails/engine.rb:511:in `call'
  railties (4.0.3) lib/rails/application.rb:97:in `call'
  rack (1.5.5) lib/rack/lock.rb:17:in `call'
  rack (1.5.5) lib/rack/content_length.rb:14:in `call'
  rack (1.5.5) lib/rack/handler/webrick.rb:60:in `service'
  C:/rows/Ruby200/lib/ruby/2.0.0/webrick/httpserver.rb:138:in `service'
  C:/rows/Ruby200/lib/ruby/2.0.0/webrick/httpserver.rb:94:in `run'
  C:/rows/Ruby200/lib/ruby/2.0.0/webrick/server.rb:295:in `block in start_thread'


  Rendered C:/rows/Ruby200/lib/ruby/gems/2.0.0/gems/actionpack-4.0.3/lib/action_dispatch/middleware/templates/rescues/_trace.erb (0.0ms)
  Rendered C:/rows/Ruby200/lib/ruby/gems/2.0.0/gems/actionpack-4.0.3/lib/action_dispatch/middleware/templates/routes/_route.html.erb (0.0ms)
  Rendered C:/rows/Ruby200/lib/ruby/gems/2.0.0/gems/actionpack-4.0.3/lib/action_dispatch/middleware/templates/routes/_table.html.erb (0.0ms)
  Rendered C:/rows/Ruby200/lib/ruby/gems/2.0.0/gems/actionpack-4.0.3/lib/action_dispatch/middleware/templates/rescues/routing_error.erb within rescues/layout (90.0ms)


Started GET "/stylesheets/default.css" for 127.0.0.1 at 2015-08-07 21:28:58 +0530

ActionController::RoutingError (No route matches [GET] "/stylesheets/default.css"):
  actionpack (4.0.3) lib/action_dispatch/middleware/debug_exceptions.rb:21:in `call'
  actionpack (4.0.3) lib/action_dispatch/middleware/show_exceptions.rb:30:in `call'
  railties (4.0.3) lib/rails/rack/logger.rb:38:in `call_app'
  railties (4.0.3) lib/rails/rack/logger.rb:20:in `block in call'
  activesupport (4.0.3) lib/active_support/tagged_logging.rb:67:in `block in tagged'
  activesupport (4.0.3) lib/active_support/tagged_logging.rb:25:in `tagged'
  activesupport (4.0.3) lib/active_support/tagged_logging.rb:67:in `tagged'
  railties (4.0.3) lib/rails/rack/logger.rb:20:in `call'
  actionpack (4.0.3) lib/action_dispatch/middleware/request_id.rb:21:in `call'
  rack (1.5.5) lib/rack/methodoverride.rb:21:in `call'
  rack (1.5.5) lib/rack/runtime.rb:17:in `call'
  activesupport (4.0.3) lib/active_support/cache/strategy/local_cache.rb:83:in `call'
  rack (1.5.5) lib/rack/lock.rb:17:in `call'
  actionpack (4.0.3) lib/action_dispatch/middleware/static.rb:64:in `call'
  rack (1.5.5) lib/rack/sendfile.rb:112:in `call'
  railties (4.0.3) lib/rails/engine.rb:511:in `call'
  railties (4.0.3) lib/rails/application.rb:97:in `call'
  rack (1.5.5) lib/rack/lock.rb:17:in `call'
  rack (1.5.5) lib/rack/content_length.rb:14:in `call'
  rack (1.5.5) lib/rack/handler/webrick.rb:60:in `service'
  C:/rows/Ruby200/lib/ruby/2.0.0/webrick/httpserver.rb:138:in `service'
  C:/rows/Ruby200/lib/ruby/2.0.0/webrick/httpserver.rb:94:in `run'
  C:/rows/Ruby200/lib/ruby/2.0.0/webrick/server.rb:295:in `block in start_thread'


  Rendered C:/rows/Ruby200/lib/ruby/gems/2.0.0/gems/actionpack-4.0.3/lib/action_dispatch/middleware/templates/rescues/_trace.erb (0.0ms)
  Rendered C:/rows/Ruby200/lib/ruby/gems/2.0.0/gems/actionpack-4.0.3/lib/action_dispatch/middleware/templates/routes/_route.html.erb (0.0ms)
  Rendered C:/rows/Ruby200/lib/ruby/gems/2.0.0/gems/actionpack-4.0.3/lib/action_dispatch/middleware/templates/routes/_table.html.erb (0.0ms)
  Rendered C:/rows/Ruby200/lib/ruby/gems/2.0.0/gems/actionpack-4.0.3/lib/action_dispatch/middleware/templates/rescues/routing_error.erb within rescues/layout (90.0ms)


Started GET "/images/apple-touch-icon-144x144-precomposed.png" for 127.0.0.1 at 2015-08-07 21:30:31 +0530

ActionController::RoutingError (No route matches [GET] "/images/apple-touch-icon-144x144-precomposed.png"):
  actionpack (4.0.3) lib/action_dispatch/middleware/debug_exceptions.rb:21:in `call'
  actionpack (4.0.3) lib/action_dispatch/middleware/show_exceptions.rb:30:in `call'
  railties (4.0.3) lib/rails/rack/logger.rb:38:in `call_app'
  railties (4.0.3) lib/rails/rack/logger.rb:20:in `block in call'
  activesupport (4.0.3) lib/active_support/tagged_logging.rb:67:in `block in tagged'
  activesupport (4.0.3) lib/active_support/tagged_logging.rb:25:in `tagged'
  activesupport (4.0.3) lib/active_support/tagged_logging.rb:67:in `tagged'
  railties (4.0.3) lib/rails/rack/logger.rb:20:in `call'
  actionpack (4.0.3) lib/action_dispatch/middleware/request_id.rb:21:in `call'
  rack (1.5.5) lib/rack/methodoverride.rb:21:in `call'
  rack (1.5.5) lib/rack/runtime.rb:17:in `call'
  activesupport (4.0.3) lib/active_support/cache/strategy/local_cache.rb:83:in `call'
  rack (1.5.5) lib/rack/lock.rb:17:in `call'
  actionpack (4.0.3) lib/action_dispatch/middleware/static.rb:64:in `call'
  rack (1.5.5) lib/rack/sendfile.rb:112:in `call'
  railties (4.0.3) lib/rails/engine.rb:511:in `call'
  railties (4.0.3) lib/rails/application.rb:97:in `call'
  rack (1.5.5) lib/rack/lock.rb:17:in `call'
  rack (1.5.5) lib/rack/content_length.rb:14:in `call'
  rack (1.5.5) lib/rack/handler/webrick.rb:60:in `service'
  C:/rows/Ruby200/lib/ruby/2.0.0/webrick/httpserver.rb:138:in `service'
  C:/rows/Ruby200/lib/ruby/2.0.0/webrick/httpserver.rb:94:in `run'
  C:/rows/Ruby200/lib/ruby/2.0.0/webrick/server.rb:295:in `block in start_thread'


  Rendered C:/rows/Ruby200/lib/ruby/gems/2.0.0/gems/actionpack-4.0.3/lib/action_dispatch/middleware/templates/rescues/_trace.erb (0.0ms)
  Rendered C:/rows/Ruby200/lib/ruby/gems/2.0.0/gems/actionpack-4.0.3/lib/action_dispatch/middleware/templates/routes/_route.html.erb (0.0ms)
  Rendered C:/rows/Ruby200/lib/ruby/gems/2.0.0/gems/actionpack-4.0.3/lib/action_dispatch/middleware/templates/routes/_table.html.erb (0.0ms)
  Rendered C:/rows/Ruby200/lib/ruby/gems/2.0.0/gems/actionpack-4.0.3/lib/action_dispatch/middleware/templates/rescues/routing_error.erb within rescues/layout (100.0ms)


Started GET "/stylesheets/default.css" for 127.0.0.1 at 2015-08-07 21:35:32 +0530

ActionController::RoutingError (No route matches [GET] "/stylesheets/default.css"):
  actionpack (4.0.3) lib/action_dispatch/middleware/debug_exceptions.rb:21:in `call'
  actionpack (4.0.3) lib/action_dispatch/middleware/show_exceptions.rb:30:in `call'
  railties (4.0.3) lib/rails/rack/logger.rb:38:in `call_app'
  railties (4.0.3) lib/rails/rack/logger.rb:20:in `block in call'
  activesupport (4.0.3) lib/active_support/tagged_logging.rb:67:in `block in tagged'
  activesupport (4.0.3) lib/active_support/tagged_logging.rb:25:in `tagged'
  activesupport (4.0.3) lib/active_support/tagged_logging.rb:67:in `tagged'
  railties (4.0.3) lib/rails/rack/logger.rb:20:in `call'
  actionpack (4.0.3) lib/action_dispatch/middleware/request_id.rb:21:in `call'
  rack (1.5.5) lib/rack/methodoverride.rb:21:in `call'
  rack (1.5.5) lib/rack/runtime.rb:17:in `call'
  activesupport (4.0.3) lib/active_support/cache/strategy/local_cache.rb:83:in `call'
  rack (1.5.5) lib/rack/lock.rb:17:in `call'
  actionpack (4.0.3) lib/action_dispatch/middleware/static.rb:64:in `call'
  rack (1.5.5) lib/rack/sendfile.rb:112:in `call'
  railties (4.0.3) lib/rails/engine.rb:511:in `call'
  railties (4.0.3) lib/rails/application.rb:97:in `call'
  rack (1.5.5) lib/rack/lock.rb:17:in `call'
  rack (1.5.5) lib/rack/content_length.rb:14:in `call'
  rack (1.5.5) lib/rack/handler/webrick.rb:60:in `service'
  C:/rows/Ruby200/lib/ruby/2.0.0/webrick/httpserver.rb:138:in `service'
  C:/rows/Ruby200/lib/ruby/2.0.0/webrick/httpserver.rb:94:in `run'
  C:/rows/Ruby200/lib/ruby/2.0.0/webrick/server.rb:295:in `block in start_thread'


  Rendered C:/rows/Ruby200/lib/ruby/gems/2.0.0/gems/actionpack-4.0.3/lib/action_dispatch/middleware/templates/rescues/_trace.erb (0.0ms)
  Rendered C:/rows/Ruby200/lib/ruby/gems/2.0.0/gems/actionpack-4.0.3/lib/action_dispatch/middleware/templates/routes/_route.html.erb (0.0ms)
  Rendered C:/rows/Ruby200/lib/ruby/gems/2.0.0/gems/actionpack-4.0.3/lib/action_dispatch/middleware/templates/routes/_table.html.erb (0.0ms)
  Rendered C:/rows/Ruby200/lib/ruby/gems/2.0.0/gems/actionpack-4.0.3/lib/action_dispatch/middleware/templates/rescues/routing_error.erb within rescues/layout (100.0ms)


Started GET "/path1" for 127.0.0.1 at 2015-08-07 21:36:13 +0530

ActionController::RoutingError (No route matches [GET] "/path1"):
  actionpack (4.0.3) lib/action_dispatch/middleware/debug_exceptions.rb:21:in `call'
  actionpack (4.0.3) lib/action_dispatch/middleware/show_exceptions.rb:30:in `call'
  railties (4.0.3) lib/rails/rack/logger.rb:38:in `call_app'
  railties (4.0.3) lib/rails/rack/logger.rb:20:in `block in call'
  activesupport (4.0.3) lib/active_support/tagged_logging.rb:67:in `block in tagged'
  activesupport (4.0.3) lib/active_support/tagged_logging.rb:25:in `tagged'
  activesupport (4.0.3) lib/active_support/tagged_logging.rb:67:in `tagged'
  railties (4.0.3) lib/rails/rack/logger.rb:20:in `call'
  actionpack (4.0.3) lib/action_dispatch/middleware/request_id.rb:21:in `call'
  rack (1.5.5) lib/rack/methodoverride.rb:21:in `call'
  rack (1.5.5) lib/rack/runtime.rb:17:in `call'
  activesupport (4.0.3) lib/active_support/cache/strategy/local_cache.rb:83:in `call'
  rack (1.5.5) lib/rack/lock.rb:17:in `call'
  actionpack (4.0.3) lib/action_dispatch/middleware/static.rb:64:in `call'
  rack (1.5.5) lib/rack/sendfile.rb:112:in `call'
  railties (4.0.3) lib/rails/engine.rb:511:in `call'
  railties (4.0.3) lib/rails/application.rb:97:in `call'
  rack (1.5.5) lib/rack/lock.rb:17:in `call'
  rack (1.5.5) lib/rack/content_length.rb:14:in `call'
  rack (1.5.5) lib/rack/handler/webrick.rb:60:in `service'
  C:/rows/Ruby200/lib/ruby/2.0.0/webrick/httpserver.rb:138:in `service'
  C:/rows/Ruby200/lib/ruby/2.0.0/webrick/httpserver.rb:94:in `run'
  C:/rows/Ruby200/lib/ruby/2.0.0/webrick/server.rb:295:in `block in start_thread'


  Rendered C:/rows/Ruby200/lib/ruby/gems/2.0.0/gems/actionpack-4.0.3/lib/action_dispatch/middleware/templates/rescues/_trace.erb (0.0ms)
  Rendered C:/rows/Ruby200/lib/ruby/gems/2.0.0/gems/actionpack-4.0.3/lib/action_dispatch/middleware/templates/routes/_route.html.erb (0.0ms)
  Rendered C:/rows/Ruby200/lib/ruby/gems/2.0.0/gems/actionpack-4.0.3/lib/action_dispatch/middleware/templates/routes/_table.html.erb (0.0ms)
  Rendered C:/rows/Ruby200/lib/ruby/gems/2.0.0/gems/actionpack-4.0.3/lib/action_dispatch/middleware/templates/rescues/routing_error.erb within rescues/layout (96.0ms)


Started GET "/" for 127.0.0.1 at 2015-08-10 10:55:05 +0530
Processing by DashboardController#index as HTML
  Rendered dashboard/index.html.erb within layouts/application (5.0ms)
Completed 200 OK in 269ms (Views: 236.0ms | ActiveRecord: 0.0ms)


Started GET "/stylesheets/default.css" for 127.0.0.1 at 2015-08-10 10:55:06 +0530

ActionController::RoutingError (No route matches [GET] "/stylesheets/default.css"):
  actionpack (4.0.3) lib/action_dispatch/middleware/debug_exceptions.rb:21:in `call'
  actionpack (4.0.3) lib/action_dispatch/middleware/show_exceptions.rb:30:in `call'
  railties (4.0.3) lib/rails/rack/logger.rb:38:in `call_app'
  railties (4.0.3) lib/rails/rack/logger.rb:20:in `block in call'
  activesupport (4.0.3) lib/active_support/tagged_logging.rb:67:in `block in tagged'
  activesupport (4.0.3) lib/active_support/tagged_logging.rb:25:in `tagged'
  activesupport (4.0.3) lib/active_support/tagged_logging.rb:67:in `tagged'
  railties (4.0.3) lib/rails/rack/logger.rb:20:in `call'
  actionpack (4.0.3) lib/action_dispatch/middleware/request_id.rb:21:in `call'
  rack (1.5.5) lib/rack/methodoverride.rb:21:in `call'
  rack (1.5.5) lib/rack/runtime.rb:17:in `call'
  activesupport (4.0.3) lib/active_support/cache/strategy/local_cache.rb:83:in `call'
  rack (1.5.5) lib/rack/lock.rb:17:in `call'
  actionpack (4.0.3) lib/action_dispatch/middleware/static.rb:64:in `call'
  rack (1.5.5) lib/rack/sendfile.rb:112:in `call'
  railties (4.0.3) lib/rails/engine.rb:511:in `call'
  railties (4.0.3) lib/rails/application.rb:97:in `call'
  rack (1.5.5) lib/rack/lock.rb:17:in `call'
  rack (1.5.5) lib/rack/content_length.rb:14:in `call'
  rack (1.5.5) lib/rack/handler/webrick.rb:60:in `service'
  C:/rows/Ruby200/lib/ruby/2.0.0/webrick/httpserver.rb:138:in `service'
  C:/rows/Ruby200/lib/ruby/2.0.0/webrick/httpserver.rb:94:in `run'
  C:/rows/Ruby200/lib/ruby/2.0.0/webrick/server.rb:295:in `block in start_thread'


  Rendered C:/rows/Ruby200/lib/ruby/gems/2.0.0/gems/actionpack-4.0.3/lib/action_dispatch/middleware/templates/rescues/_trace.erb (2.0ms)
  Rendered C:/rows/Ruby200/lib/ruby/gems/2.0.0/gems/actionpack-4.0.3/lib/action_dispatch/middleware/templates/routes/_route.html.erb (0.0ms)
  Rendered C:/rows/Ruby200/lib/ruby/gems/2.0.0/gems/actionpack-4.0.3/lib/action_dispatch/middleware/templates/routes/_table.html.erb (17.0ms)
  Rendered C:/rows/Ruby200/lib/ruby/gems/2.0.0/gems/actionpack-4.0.3/lib/action_dispatch/middleware/templates/rescues/routing_error.erb within rescues/layout (153.0ms)


Started GET "/javascripts/default.js" for 127.0.0.1 at 2015-08-10 10:55:06 +0530

ActionController::RoutingError (No route matches [GET] "/javascripts/default.js"):
  actionpack (4.0.3) lib/action_dispatch/middleware/debug_exceptions.rb:21:in `call'
  actionpack (4.0.3) lib/action_dispatch/middleware/show_exceptions.rb:30:in `call'
  railties (4.0.3) lib/rails/rack/logger.rb:38:in `call_app'
  railties (4.0.3) lib/rails/rack/logger.rb:20:in `block in call'
  activesupport (4.0.3) lib/active_support/tagged_logging.rb:67:in `block in tagged'
  activesupport (4.0.3) lib/active_support/tagged_logging.rb:25:in `tagged'
  activesupport (4.0.3) lib/active_support/tagged_logging.rb:67:in `tagged'
  railties (4.0.3) lib/rails/rack/logger.rb:20:in `call'
  actionpack (4.0.3) lib/action_dispatch/middleware/request_id.rb:21:in `call'
  rack (1.5.5) lib/rack/methodoverride.rb:21:in `call'
  rack (1.5.5) lib/rack/runtime.rb:17:in `call'
  activesupport (4.0.3) lib/active_support/cache/strategy/local_cache.rb:83:in `call'
  rack (1.5.5) lib/rack/lock.rb:17:in `call'
  actionpack (4.0.3) lib/action_dispatch/middleware/static.rb:64:in `call'
  rack (1.5.5) lib/rack/sendfile.rb:112:in `call'
  railties (4.0.3) lib/rails/engine.rb:511:in `call'
  railties (4.0.3) lib/rails/application.rb:97:in `call'
  rack (1.5.5) lib/rack/lock.rb:17:in `call'
  rack (1.5.5) lib/rack/content_length.rb:14:in `call'
  rack (1.5.5) lib/rack/handler/webrick.rb:60:in `service'
  C:/rows/Ruby200/lib/ruby/2.0.0/webrick/httpserver.rb:138:in `service'
  C:/rows/Ruby200/lib/ruby/2.0.0/webrick/httpserver.rb:94:in `run'
  C:/rows/Ruby200/lib/ruby/2.0.0/webrick/server.rb:295:in `block in start_thread'


  Rendered C:/rows/Ruby200/lib/ruby/gems/2.0.0/gems/actionpack-4.0.3/lib/action_dispatch/middleware/templates/rescues/_trace.erb (1.0ms)
  Rendered C:/rows/Ruby200/lib/ruby/gems/2.0.0/gems/actionpack-4.0.3/lib/action_dispatch/middleware/templates/routes/_route.html.erb (1.0ms)
  Rendered C:/rows/Ruby200/lib/ruby/gems/2.0.0/gems/actionpack-4.0.3/lib/action_dispatch/middleware/templates/routes/_table.html.erb (1.0ms)
  Rendered C:/rows/Ruby200/lib/ruby/gems/2.0.0/gems/actionpack-4.0.3/lib/action_dispatch/middleware/templates/rescues/routing_error.erb within rescues/layout (87.0ms)


Started GET "/images/favicon.ico" for 127.0.0.1 at 2015-08-10 10:55:07 +0530

ActionController::RoutingError (No route matches [GET] "/images/favicon.ico"):
  actionpack (4.0.3) lib/action_dispatch/middleware/debug_exceptions.rb:21:in `call'
  actionpack (4.0.3) lib/action_dispatch/middleware/show_exceptions.rb:30:in `call'
  railties (4.0.3) lib/rails/rack/logger.rb:38:in `call_app'
  railties (4.0.3) lib/rails/rack/logger.rb:20:in `block in call'
  activesupport (4.0.3) lib/active_support/tagged_logging.rb:67:in `block in tagged'
  activesupport (4.0.3) lib/active_support/tagged_logging.rb:25:in `tagged'
  activesupport (4.0.3) lib/active_support/tagged_logging.rb:67:in `tagged'
  railties (4.0.3) lib/rails/rack/logger.rb:20:in `call'
  actionpack (4.0.3) lib/action_dispatch/middleware/request_id.rb:21:in `call'
  rack (1.5.5) lib/rack/methodoverride.rb:21:in `call'
  rack (1.5.5) lib/rack/runtime.rb:17:in `call'
  activesupport (4.0.3) lib/active_support/cache/strategy/local_cache.rb:83:in `call'
  rack (1.5.5) lib/rack/lock.rb:17:in `call'
  actionpack (4.0.3) lib/action_dispatch/middleware/static.rb:64:in `call'
  rack (1.5.5) lib/rack/sendfile.rb:112:in `call'
  railties (4.0.3) lib/rails/engine.rb:511:in `call'
  railties (4.0.3) lib/rails/application.rb:97:in `call'
  rack (1.5.5) lib/rack/lock.rb:17:in `call'
  rack (1.5.5) lib/rack/content_length.rb:14:in `call'
  rack (1.5.5) lib/rack/handler/webrick.rb:60:in `service'
  C:/rows/Ruby200/lib/ruby/2.0.0/webrick/httpserver.rb:138:in `service'
  C:/rows/Ruby200/lib/ruby/2.0.0/webrick/httpserver.rb:94:in `run'
  C:/rows/Ruby200/lib/ruby/2.0.0/webrick/server.rb:295:in `block in start_thread'


  Rendered C:/rows/Ruby200/lib/ruby/gems/2.0.0/gems/actionpack-4.0.3/lib/action_dispatch/middleware/templates/rescues/_trace.erb (0.0ms)
  Rendered C:/rows/Ruby200/lib/ruby/gems/2.0.0/gems/actionpack-4.0.3/lib/action_dispatch/middleware/templates/routes/_route.html.erb (0.0ms)
  Rendered C:/rows/Ruby200/lib/ruby/gems/2.0.0/gems/actionpack-4.0.3/lib/action_dispatch/middleware/templates/routes/_table.html.erb (0.0ms)
  Rendered C:/rows/Ruby200/lib/ruby/gems/2.0.0/gems/actionpack-4.0.3/lib/action_dispatch/middleware/templates/rescues/routing_error.erb within rescues/layout (80.0ms)


Started GET "/" for 127.0.0.1 at 2015-08-10 13:22:57 +0530
Processing by DashboardController#index as HTML
  Rendered dashboard/index.html.erb within layouts/application (0.0ms)
Completed 200 OK in 220ms (Views: 220.0ms | ActiveRecord: 0.0ms)


Started GET "/stylesheets/default.css" for 127.0.0.1 at 2015-08-10 13:22:57 +0530

ActionController::RoutingError (No route matches [GET] "/stylesheets/default.css"):
  actionpack (4.0.3) lib/action_dispatch/middleware/debug_exceptions.rb:21:in `call'
  actionpack (4.0.3) lib/action_dispatch/middleware/show_exceptions.rb:30:in `call'
  railties (4.0.3) lib/rails/rack/logger.rb:38:in `call_app'
  railties (4.0.3) lib/rails/rack/logger.rb:20:in `block in call'
  activesupport (4.0.3) lib/active_support/tagged_logging.rb:67:in `block in tagged'
  activesupport (4.0.3) lib/active_support/tagged_logging.rb:25:in `tagged'
  activesupport (4.0.3) lib/active_support/tagged_logging.rb:67:in `tagged'
  railties (4.0.3) lib/rails/rack/logger.rb:20:in `call'
  actionpack (4.0.3) lib/action_dispatch/middleware/request_id.rb:21:in `call'
  rack (1.5.5) lib/rack/methodoverride.rb:21:in `call'
  rack (1.5.5) lib/rack/runtime.rb:17:in `call'
  activesupport (4.0.3) lib/active_support/cache/strategy/local_cache.rb:83:in `call'
  rack (1.5.5) lib/rack/lock.rb:17:in `call'
  actionpack (4.0.3) lib/action_dispatch/middleware/static.rb:64:in `call'
  rack (1.5.5) lib/rack/sendfile.rb:112:in `call'
  railties (4.0.3) lib/rails/engine.rb:511:in `call'
  railties (4.0.3) lib/rails/application.rb:97:in `call'
  rack (1.5.5) lib/rack/lock.rb:17:in `call'
  rack (1.5.5) lib/rack/content_length.rb:14:in `call'
  rack (1.5.5) lib/rack/handler/webrick.rb:60:in `service'
  C:/rows/Ruby200/lib/ruby/2.0.0/webrick/httpserver.rb:138:in `service'
  C:/rows/Ruby200/lib/ruby/2.0.0/webrick/httpserver.rb:94:in `run'
  C:/rows/Ruby200/lib/ruby/2.0.0/webrick/server.rb:295:in `block in start_thread'


  Rendered C:/rows/Ruby200/lib/ruby/gems/2.0.0/gems/actionpack-4.0.3/lib/action_dispatch/middleware/templates/rescues/_trace.erb (0.0ms)
  Rendered C:/rows/Ruby200/lib/ruby/gems/2.0.0/gems/actionpack-4.0.3/lib/action_dispatch/middleware/templates/routes/_route.html.erb (10.0ms)
  Rendered C:/rows/Ruby200/lib/ruby/gems/2.0.0/gems/actionpack-4.0.3/lib/action_dispatch/middleware/templates/routes/_table.html.erb (0.0ms)
  Rendered C:/rows/Ruby200/lib/ruby/gems/2.0.0/gems/actionpack-4.0.3/lib/action_dispatch/middleware/templates/rescues/routing_error.erb within rescues/layout (90.0ms)


Started GET "/javascripts/default.js" for 127.0.0.1 at 2015-08-10 13:22:57 +0530

ActionController::RoutingError (No route matches [GET] "/javascripts/default.js"):
  actionpack (4.0.3) lib/action_dispatch/middleware/debug_exceptions.rb:21:in `call'
  actionpack (4.0.3) lib/action_dispatch/middleware/show_exceptions.rb:30:in `call'
  railties (4.0.3) lib/rails/rack/logger.rb:38:in `call_app'
  railties (4.0.3) lib/rails/rack/logger.rb:20:in `block in call'
  activesupport (4.0.3) lib/active_support/tagged_logging.rb:67:in `block in tagged'
  activesupport (4.0.3) lib/active_support/tagged_logging.rb:25:in `tagged'
  activesupport (4.0.3) lib/active_support/tagged_logging.rb:67:in `tagged'
  railties (4.0.3) lib/rails/rack/logger.rb:20:in `call'
  actionpack (4.0.3) lib/action_dispatch/middleware/request_id.rb:21:in `call'
  rack (1.5.5) lib/rack/methodoverride.rb:21:in `call'
  rack (1.5.5) lib/rack/runtime.rb:17:in `call'
  activesupport (4.0.3) lib/active_support/cache/strategy/local_cache.rb:83:in `call'
  rack (1.5.5) lib/rack/lock.rb:17:in `call'
  actionpack (4.0.3) lib/action_dispatch/middleware/static.rb:64:in `call'
  rack (1.5.5) lib/rack/sendfile.rb:112:in `call'
  railties (4.0.3) lib/rails/engine.rb:511:in `call'
  railties (4.0.3) lib/rails/application.rb:97:in `call'
  rack (1.5.5) lib/rack/lock.rb:17:in `call'
  rack (1.5.5) lib/rack/content_length.rb:14:in `call'
  rack (1.5.5) lib/rack/handler/webrick.rb:60:in `service'
  C:/rows/Ruby200/lib/ruby/2.0.0/webrick/httpserver.rb:138:in `service'
  C:/rows/Ruby200/lib/ruby/2.0.0/webrick/httpserver.rb:94:in `run'
  C:/rows/Ruby200/lib/ruby/2.0.0/webrick/server.rb:295:in `block in start_thread'


  Rendered C:/rows/Ruby200/lib/ruby/gems/2.0.0/gems/actionpack-4.0.3/lib/action_dispatch/middleware/templates/rescues/_trace.erb (0.0ms)
  Rendered C:/rows/Ruby200/lib/ruby/gems/2.0.0/gems/actionpack-4.0.3/lib/action_dispatch/middleware/templates/routes/_route.html.erb (0.0ms)
  Rendered C:/rows/Ruby200/lib/ruby/gems/2.0.0/gems/actionpack-4.0.3/lib/action_dispatch/middleware/templates/routes/_table.html.erb (0.0ms)
  Rendered C:/rows/Ruby200/lib/ruby/gems/2.0.0/gems/actionpack-4.0.3/lib/action_dispatch/middleware/templates/rescues/routing_error.erb within rescues/layout (80.0ms)


Started GET "/images/favicon.ico" for 127.0.0.1 at 2015-08-10 13:22:57 +0530

ActionController::RoutingError (No route matches [GET] "/images/favicon.ico"):
  actionpack (4.0.3) lib/action_dispatch/middleware/debug_exceptions.rb:21:in `call'
  actionpack (4.0.3) lib/action_dispatch/middleware/show_exceptions.rb:30:in `call'
  railties (4.0.3) lib/rails/rack/logger.rb:38:in `call_app'
  railties (4.0.3) lib/rails/rack/logger.rb:20:in `block in call'
  activesupport (4.0.3) lib/active_support/tagged_logging.rb:67:in `block in tagged'
  activesupport (4.0.3) lib/active_support/tagged_logging.rb:25:in `tagged'
  activesupport (4.0.3) lib/active_support/tagged_logging.rb:67:in `tagged'
  railties (4.0.3) lib/rails/rack/logger.rb:20:in `call'
  actionpack (4.0.3) lib/action_dispatch/middleware/request_id.rb:21:in `call'
  rack (1.5.5) lib/rack/methodoverride.rb:21:in `call'
  rack (1.5.5) lib/rack/runtime.rb:17:in `call'
  activesupport (4.0.3) lib/active_support/cache/strategy/local_cache.rb:83:in `call'
  rack (1.5.5) lib/rack/lock.rb:17:in `call'
  actionpack (4.0.3) lib/action_dispatch/middleware/static.rb:64:in `call'
  rack (1.5.5) lib/rack/sendfile.rb:112:in `call'
  railties (4.0.3) lib/rails/engine.rb:511:in `call'
  railties (4.0.3) lib/rails/application.rb:97:in `call'
  rack (1.5.5) lib/rack/lock.rb:17:in `call'
  rack (1.5.5) lib/rack/content_length.rb:14:in `call'
  rack (1.5.5) lib/rack/handler/webrick.rb:60:in `service'
  C:/rows/Ruby200/lib/ruby/2.0.0/webrick/httpserver.rb:138:in `service'
  C:/rows/Ruby200/lib/ruby/2.0.0/webrick/httpserver.rb:94:in `run'
  C:/rows/Ruby200/lib/ruby/2.0.0/webrick/server.rb:295:in `block in start_thread'


  Rendered C:/rows/Ruby200/lib/ruby/gems/2.0.0/gems/actionpack-4.0.3/lib/action_dispatch/middleware/templates/rescues/_trace.erb (0.0ms)
  Rendered C:/rows/Ruby200/lib/ruby/gems/2.0.0/gems/actionpack-4.0.3/lib/action_dispatch/middleware/templates/routes/_route.html.erb (0.0ms)
  Rendered C:/rows/Ruby200/lib/ruby/gems/2.0.0/gems/actionpack-4.0.3/lib/action_dispatch/middleware/templates/routes/_table.html.erb (0.0ms)
  Rendered C:/rows/Ruby200/lib/ruby/gems/2.0.0/gems/actionpack-4.0.3/lib/action_dispatch/middleware/templates/rescues/routing_error.erb within rescues/layout (86.0ms)


Started GET "/images/favicon.ico" for 127.0.0.1 at 2015-08-10 13:22:57 +0530

ActionController::RoutingError (No route matches [GET] "/images/favicon.ico"):
  actionpack (4.0.3) lib/action_dispatch/middleware/debug_exceptions.rb:21:in `call'
  actionpack (4.0.3) lib/action_dispatch/middleware/show_exceptions.rb:30:in `call'
  railties (4.0.3) lib/rails/rack/logger.rb:38:in `call_app'
  railties (4.0.3) lib/rails/rack/logger.rb:20:in `block in call'
  activesupport (4.0.3) lib/active_support/tagged_logging.rb:67:in `block in tagged'
  activesupport (4.0.3) lib/active_support/tagged_logging.rb:25:in `tagged'
  activesupport (4.0.3) lib/active_support/tagged_logging.rb:67:in `tagged'
  railties (4.0.3) lib/rails/rack/logger.rb:20:in `call'
  actionpack (4.0.3) lib/action_dispatch/middleware/request_id.rb:21:in `call'
  rack (1.5.5) lib/rack/methodoverride.rb:21:in `call'
  rack (1.5.5) lib/rack/runtime.rb:17:in `call'
  activesupport (4.0.3) lib/active_support/cache/strategy/local_cache.rb:83:in `call'
  rack (1.5.5) lib/rack/lock.rb:17:in `call'
  actionpack (4.0.3) lib/action_dispatch/middleware/static.rb:64:in `call'
  rack (1.5.5) lib/rack/sendfile.rb:112:in `call'
  railties (4.0.3) lib/rails/engine.rb:511:in `call'
  railties (4.0.3) lib/rails/application.rb:97:in `call'
  rack (1.5.5) lib/rack/lock.rb:17:in `call'
  rack (1.5.5) lib/rack/content_length.rb:14:in `call'
  rack (1.5.5) lib/rack/handler/webrick.rb:60:in `service'
  C:/rows/Ruby200/lib/ruby/2.0.0/webrick/httpserver.rb:138:in `service'
  C:/rows/Ruby200/lib/ruby/2.0.0/webrick/httpserver.rb:94:in `run'
  C:/rows/Ruby200/lib/ruby/2.0.0/webrick/server.rb:295:in `block in start_thread'


  Rendered C:/rows/Ruby200/lib/ruby/gems/2.0.0/gems/actionpack-4.0.3/lib/action_dispatch/middleware/templates/rescues/_trace.erb (0.0ms)
  Rendered C:/rows/Ruby200/lib/ruby/gems/2.0.0/gems/actionpack-4.0.3/lib/action_dispatch/middleware/templates/routes/_route.html.erb (10.0ms)
  Rendered C:/rows/Ruby200/lib/ruby/gems/2.0.0/gems/actionpack-4.0.3/lib/action_dispatch/middleware/templates/routes/_table.html.erb (0.0ms)
  Rendered C:/rows/Ruby200/lib/ruby/gems/2.0.0/gems/actionpack-4.0.3/lib/action_dispatch/middleware/templates/rescues/routing_error.erb within rescues/layout (80.0ms)


Started GET "/" for 127.0.0.1 at 2015-08-10 15:19:41 +0530
Processing by DashboardController#index as HTML
  Rendered dashboard/index.html.erb within layouts/application (0.0ms)
Completed 200 OK in 222ms (Views: 182.0ms | ActiveRecord: 0.0ms)


Started GET "/stylesheets/default.css" for 127.0.0.1 at 2015-08-10 15:19:42 +0530

ActionController::RoutingError (No route matches [GET] "/stylesheets/default.css"):
  actionpack (4.0.3) lib/action_dispatch/middleware/debug_exceptions.rb:21:in `call'
  actionpack (4.0.3) lib/action_dispatch/middleware/show_exceptions.rb:30:in `call'
  railties (4.0.3) lib/rails/rack/logger.rb:38:in `call_app'
  railties (4.0.3) lib/rails/rack/logger.rb:20:in `block in call'
  activesupport (4.0.3) lib/active_support/tagged_logging.rb:67:in `block in tagged'
  activesupport (4.0.3) lib/active_support/tagged_logging.rb:25:in `tagged'
  activesupport (4.0.3) lib/active_support/tagged_logging.rb:67:in `tagged'
  railties (4.0.3) lib/rails/rack/logger.rb:20:in `call'
  actionpack (4.0.3) lib/action_dispatch/middleware/request_id.rb:21:in `call'
  rack (1.5.5) lib/rack/methodoverride.rb:21:in `call'
  rack (1.5.5) lib/rack/runtime.rb:17:in `call'
  activesupport (4.0.3) lib/active_support/cache/strategy/local_cache.rb:83:in `call'
  rack (1.5.5) lib/rack/lock.rb:17:in `call'
  actionpack (4.0.3) lib/action_dispatch/middleware/static.rb:64:in `call'
  rack (1.5.5) lib/rack/sendfile.rb:112:in `call'
  railties (4.0.3) lib/rails/engine.rb:511:in `call'
  railties (4.0.3) lib/rails/application.rb:97:in `call'
  rack (1.5.5) lib/rack/lock.rb:17:in `call'
  rack (1.5.5) lib/rack/content_length.rb:14:in `call'
  rack (1.5.5) lib/rack/handler/webrick.rb:60:in `service'
  C:/rows/Ruby200/lib/ruby/2.0.0/webrick/httpserver.rb:138:in `service'
  C:/rows/Ruby200/lib/ruby/2.0.0/webrick/httpserver.rb:94:in `run'
  C:/rows/Ruby200/lib/ruby/2.0.0/webrick/server.rb:295:in `block in start_thread'


  Rendered C:/rows/Ruby200/lib/ruby/gems/2.0.0/gems/actionpack-4.0.3/lib/action_dispatch/middleware/templates/rescues/_trace.erb (10.0ms)
  Rendered C:/rows/Ruby200/lib/ruby/gems/2.0.0/gems/actionpack-4.0.3/lib/action_dispatch/middleware/templates/routes/_route.html.erb (0.0ms)
  Rendered C:/rows/Ruby200/lib/ruby/gems/2.0.0/gems/actionpack-4.0.3/lib/action_dispatch/middleware/templates/routes/_table.html.erb (60.0ms)
  Rendered C:/rows/Ruby200/lib/ruby/gems/2.0.0/gems/actionpack-4.0.3/lib/action_dispatch/middleware/templates/rescues/routing_error.erb within rescues/layout (160.0ms)


Started GET "/javascripts/default.js" for 127.0.0.1 at 2015-08-10 15:19:42 +0530

ActionController::RoutingError (No route matches [GET] "/javascripts/default.js"):
  actionpack (4.0.3) lib/action_dispatch/middleware/debug_exceptions.rb:21:in `call'
  actionpack (4.0.3) lib/action_dispatch/middleware/show_exceptions.rb:30:in `call'
  railties (4.0.3) lib/rails/rack/logger.rb:38:in `call_app'
  railties (4.0.3) lib/rails/rack/logger.rb:20:in `block in call'
  activesupport (4.0.3) lib/active_support/tagged_logging.rb:67:in `block in tagged'
  activesupport (4.0.3) lib/active_support/tagged_logging.rb:25:in `tagged'
  activesupport (4.0.3) lib/active_support/tagged_logging.rb:67:in `tagged'
  railties (4.0.3) lib/rails/rack/logger.rb:20:in `call'
  actionpack (4.0.3) lib/action_dispatch/middleware/request_id.rb:21:in `call'
  rack (1.5.5) lib/rack/methodoverride.rb:21:in `call'
  rack (1.5.5) lib/rack/runtime.rb:17:in `call'
  activesupport (4.0.3) lib/active_support/cache/strategy/local_cache.rb:83:in `call'
  rack (1.5.5) lib/rack/lock.rb:17:in `call'
  actionpack (4.0.3) lib/action_dispatch/middleware/static.rb:64:in `call'
  rack (1.5.5) lib/rack/sendfile.rb:112:in `call'
  railties (4.0.3) lib/rails/engine.rb:511:in `call'
  railties (4.0.3) lib/rails/application.rb:97:in `call'
  rack (1.5.5) lib/rack/lock.rb:17:in `call'
  rack (1.5.5) lib/rack/content_length.rb:14:in `call'
  rack (1.5.5) lib/rack/handler/webrick.rb:60:in `service'
  C:/rows/Ruby200/lib/ruby/2.0.0/webrick/httpserver.rb:138:in `service'
  C:/rows/Ruby200/lib/ruby/2.0.0/webrick/httpserver.rb:94:in `run'
  C:/rows/Ruby200/lib/ruby/2.0.0/webrick/server.rb:295:in `block in start_thread'


  Rendered C:/rows/Ruby200/lib/ruby/gems/2.0.0/gems/actionpack-4.0.3/lib/action_dispatch/middleware/templates/rescues/_trace.erb (0.0ms)
  Rendered C:/rows/Ruby200/lib/ruby/gems/2.0.0/gems/actionpack-4.0.3/lib/action_dispatch/middleware/templates/routes/_route.html.erb (0.0ms)
  Rendered C:/rows/Ruby200/lib/ruby/gems/2.0.0/gems/actionpack-4.0.3/lib/action_dispatch/middleware/templates/routes/_table.html.erb (0.0ms)
  Rendered C:/rows/Ruby200/lib/ruby/gems/2.0.0/gems/actionpack-4.0.3/lib/action_dispatch/middleware/templates/rescues/routing_error.erb within rescues/layout (90.0ms)
